{"level":"Exe","message":"The user has execute the file test.exe","timestamp":"2016-05-11T16:46:32.347Z"}
{"level":"Delete","message":"The user has delete the file test.exe","timestamp":"2016-05-11T16:46:37.727Z"}
{"level":"Create","message":"The user has create the file test.exe","timestamp":"2016-05-11T16:46:43.832Z"}
{"level":"Rename","message":"The user has rename the file undefined in test.exe","timestamp":"2016-05-11T16:46:50.774Z"}
{"level":"Research","message":"The user has research in the browser test.exe","timestamp":"2016-05-11T16:46:55.677Z"}
{"level":"Exe","message":"The user has execute the file test.exe","timestamp":"2016-05-11T16:46:32.347Z"}
{"level":"Delete","message":"The user has delete the file test.exe","timestamp":"2016-05-11T16:46:37.727Z"}
{"level":"Create","message":"The user has create the file test.exe","timestamp":"2016-05-11T16:46:43.832Z"}
{"level":"Rename","message":"The user has rename the file undefined in test.exe","timestamp":"2016-05-11T16:46:50.774Z"}
{"level":"Research","message":"The user has research in the browser test.exe","timestamp":"2016-05-11T16:46:55.677Z"}
{"level":"Exe","message":"The user has execute the file test.exe","timestamp":"2016-05-11T16:46:32.347Z"}
{"level":"Delete","message":"The user has delete the file test.exe","timestamp":"2016-05-11T16:46:37.727Z"}
{"level":"Create","message":"The user has create the file test.exe","timestamp":"2016-05-11T16:46:43.832Z"}
{"level":"Rename","message":"The user has rename the file undefined in test.exe","timestamp":"2016-05-11T16:46:50.774Z"}
{"level":"Research","message":"The user has research in the browser test.exe","timestamp":"2016-05-11T16:46:55.677Z"}
{"level":"Exe","message":"The user has execute the file test.exe","timestamp":"2016-05-11T16:46:32.347Z"}
{"level":"Delete","message":"The user has delete the file test.exe","timestamp":"2016-05-11T16:46:37.727Z"}
{"level":"Create","message":"The user has create the file test.exe","timestamp":"2016-05-11T16:46:43.832Z"}
{"level":"Rename","message":"The user has rename the file undefined in test.exe","timestamp":"2016-05-11T16:46:50.774Z"}
{"level":"Research","message":"The user has research in the browser test.exe","timestamp":"2016-05-11T16:46:55.677Z"}
